<?xml version="1.0" encoding="UTF-8"?>
<!-- Generated by org.testng.reporters.JUnitXMLReporter -->
<testsuite hostname="rslptp696" name="Default test" tests="3" failures="0" timestamp="23 Sep 2019 11:41:17 GMT" time="43.063" errors="0">
  <testcase name="" time="6.439" classname="seleniumMavenProject.MyMavenProject.TestMavenProject"/>
  <testcase name="" time="0.011" classname="seleniumMavenProject.MyMavenProject.TestMavenProject"/>
  <testcase name="" time="29.387" classname="seleniumMavenProject.MyMavenProject.TestMavenProject"/>
</testsuite> <!-- Default test -->
